    OpenRGB v0.9+ (1.0rc3)
    Commit:  from 
    Launched: 20260714_121019
====================================================================================================

0     |Info:    [ProfileManager] Found file: Cyan.orp attempting to validate header
0     |Info:    [ProfileManager] Valid v5 profile found for Cyan
0     |Info:    [ProfileManager] Found file: Red.orp attempting to validate header
0     |Info:    [ProfileManager] Valid v5 profile found for Red
0     |Info:    [ProfileManager] Found file: Off.orp attempting to validate header
0     |Info:    [ProfileManager] Valid v5 profile found for Off
0     |Info:    [ProfileManager] Found file: Orange.orp attempting to validate header
0     |Info:    [ProfileManager] Valid v5 profile found for Orange
52    |Info:    [ResourceManager] Initializing HID interfaces: Success
52    |Info:    ------------------------------------------------------
52    |Info:    |               Start device detection               |
52    |Info:    ------------------------------------------------------
70    |Info:    ------------------------------------------------------
70    |Info:    |             Detecting I2C interfaces               |
70    |Info:    ------------------------------------------------------
70    |Info:    [ResourceManager] Registering I2C interface: NVIDIA i2c adapter 1 at 9:00.0
 (/dev/i2c-3) Device 10DE:2206 Subsystem: 3842:3897
70    |Info:    [ResourceManager] Registering I2C interface: SMBus PIIX4 adapter port 2 at 0b00 (/dev/i2c-1) Device 1022:790B Subsystem: 1043:87C0
70    |Info:    [ResourceManager] Registering I2C interface: NVIDIA i2c adapter 7 at 9:00.0
 (/dev/i2c-6) Device 10DE:2206 Subsystem: 3842:3897
70    |Info:    [ResourceManager] Registering I2C interface: NVIDIA i2c adapter 5 at 9:00.0
 (/dev/i2c-4) Device 10DE:2206 Subsystem: 3842:3897
70    |Info:    [ResourceManager] Registering I2C interface: SMBus PIIX4 adapter port 1 at 0b20 (/dev/i2c-2) Device 1022:790B Subsystem: 1043:87C0
70    |Info:    [ResourceManager] Registering I2C interface: SMBus PIIX4 adapter port 0 at 0b00 (/dev/i2c-0) Device 1022:790B Subsystem: 1043:87C0
70    |Info:    [ResourceManager] Registering I2C interface: NVIDIA i2c adapter 8 at 9:00.0
 (/dev/i2c-7) Device 10DE:2206 Subsystem: 3842:3897
70    |Info:    [ResourceManager] Registering I2C interface: NVIDIA i2c adapter 6 at 9:00.0
 (/dev/i2c-5) Device 10DE:2206 Subsystem: 3842:3897
70    |Info:    ------------------------------------------------------
70    |Info:    |               Detecting I2C devices                |
70    |Info:    ------------------------------------------------------
753   |Info:    ------------------------------------------------------
753   |Info:    |            Detecting I2C DIMM modules              |
753   |Info:    ------------------------------------------------------
1653  |Info:    [ResourceManager] Detected occupied slot 3, bus 5, type DDR4
2938  |Info:    [ResourceManager] Detected occupied slot 4, bus 5, type DDR4
4039  |Info:    ------------------------------------------------------
4039  |Info:    |               Detecting I2C PCI devices            |
4039  |Info:    ------------------------------------------------------
4050  |Info:    [EVGA GeForce RTX 3080 FTW3 Ultra] Registering RGB controller
4050  |Info:    ------------------------------------------------------
4050  |Info:    |               Detecting HID devices                |
4050  |Info:    ------------------------------------------------------
4075  |Info:    [ASUS ROG STRIX X570-F GAMING] Registering RGB controller
4732  |Info:    [G Pro Wireless Gaming Mouse] Registering RGB controller
4733  |Info:    [Logitech G610 Orion] Registering RGB controller
4733  |Info:    ------------------------------------------------------
4733  |Info:    |            Detecting libusb HID devices            |
4733  |Info:    ------------------------------------------------------
4832  |Info:    ------------------------------------------------------
4832  |Info:    |              Detecting other devices               |
4832  |Info:    ------------------------------------------------------
4859  |Info:    [ResourceManager] Calling Post-detection callbacks
4859  |Info:    ------------------------------------------------------
4859  |Info:    |                Detection completed                 |
4859  |Info:    ------------------------------------------------------
41548 |Info:    [ProfileManager] Profile loading: Succeeded for EVGA GeForce RTX 3080 FTW3 Ultra @ I2C: NVIDIA i2c adapter 1 at 9:00.0
 (/dev/i2c-3), address 0x2D
41548 |Info:    [ProfileManager] Profile loading: Succeeded for ASUS ROG STRIX X570-F GAMING @ HID: /dev/hidraw0
41548 |Info:    [ProfileManager] Profile loading: Succeeded for G Pro Wireless Gaming Mouse @ HID: /dev/hidraw9 (Receiver) 
Wireless Index: 255
41548 |Info:    [ProfileManager] Profile loading: Succeeded for Logitech G610 Orion @ 
53038 |Info:    [ProfileManager] Profile loading: Succeeded for EVGA GeForce RTX 3080 FTW3 Ultra @ I2C: NVIDIA i2c adapter 1 at 9:00.0
 (/dev/i2c-3), address 0x2D
53038 |Info:    [ProfileManager] Profile loading: Succeeded for ASUS ROG STRIX X570-F GAMING @ HID: /dev/hidraw0
53038 |Info:    [ProfileManager] Profile loading: Succeeded for G Pro Wireless Gaming Mouse @ HID: /dev/hidraw9 (Receiver) 
Wireless Index: 255
53038 |Info:    [ProfileManager] Profile loading: Succeeded for Logitech G610 Orion @ 
