    OpenRGB v0.9+ (1.0rc3)
    Commit:  from 
    Launched: 20260714_120438
====================================================================================================

52    |Info:    [ResourceManager] Initializing HID interfaces: Success
52    |Info:    ------------------------------------------------------
52    |Info:    |               Start device detection               |
52    |Info:    ------------------------------------------------------
74    |Info:    ------------------------------------------------------
74    |Info:    |             Detecting I2C interfaces               |
74    |Info:    ------------------------------------------------------
74    |Info:    [ResourceManager] Registering I2C interface: NVIDIA i2c adapter 1 at 9:00.0
 (/dev/i2c-3) Device 10DE:2206 Subsystem: 3842:3897
74    |Info:    [ResourceManager] Registering I2C interface: SMBus PIIX4 adapter port 2 at 0b00 (/dev/i2c-1) Device 1022:790B Subsystem: 1043:87C0
74    |Info:    [ResourceManager] Registering I2C interface: NVIDIA i2c adapter 7 at 9:00.0
 (/dev/i2c-6) Device 10DE:2206 Subsystem: 3842:3897
74    |Info:    [ResourceManager] Registering I2C interface: NVIDIA i2c adapter 5 at 9:00.0
 (/dev/i2c-4) Device 10DE:2206 Subsystem: 3842:3897
74    |Info:    [ResourceManager] Registering I2C interface: SMBus PIIX4 adapter port 1 at 0b20 (/dev/i2c-2) Device 1022:790B Subsystem: 1043:87C0
74    |Info:    [ResourceManager] Registering I2C interface: SMBus PIIX4 adapter port 0 at 0b00 (/dev/i2c-0) Device 1022:790B Subsystem: 1043:87C0
74    |Info:    [ResourceManager] Registering I2C interface: NVIDIA i2c adapter 8 at 9:00.0
 (/dev/i2c-7) Device 10DE:2206 Subsystem: 3842:3897
74    |Info:    [ResourceManager] Registering I2C interface: NVIDIA i2c adapter 6 at 9:00.0
 (/dev/i2c-5) Device 10DE:2206 Subsystem: 3842:3897
74    |Info:    ------------------------------------------------------
74    |Info:    |               Detecting I2C devices                |
74    |Info:    ------------------------------------------------------
759   |Info:    ------------------------------------------------------
759   |Info:    |            Detecting I2C DIMM modules              |
759   |Info:    ------------------------------------------------------
1662  |Info:    [ResourceManager] Detected occupied slot 3, bus 5, type DDR4
2947  |Info:    [ResourceManager] Detected occupied slot 4, bus 5, type DDR4
4048  |Info:    ------------------------------------------------------
4048  |Info:    |               Detecting I2C PCI devices            |
4048  |Info:    ------------------------------------------------------
4059  |Info:    [EVGA GeForce RTX 3080 FTW3 Ultra] Registering RGB controller
4059  |Info:    ------------------------------------------------------
4059  |Info:    |               Detecting HID devices                |
4059  |Info:    ------------------------------------------------------
4140  |Info:    [ASUS ROG STRIX X570-F GAMING] Registering RGB controller
5612  |Info:    [G Pro Wireless Gaming Mouse] Registering RGB controller
5613  |Info:    [Logitech G610 Orion] Registering RGB controller
5613  |Info:    ------------------------------------------------------
5613  |Info:    |            Detecting libusb HID devices            |
5613  |Info:    ------------------------------------------------------
5720  |Info:    ------------------------------------------------------
5720  |Info:    |              Detecting other devices               |
5720  |Info:    ------------------------------------------------------
5750  |Info:    [ResourceManager] Calling Post-detection callbacks
5750  |Info:    ------------------------------------------------------
5750  |Info:    |                Detection completed                 |
5750  |Info:    ------------------------------------------------------
146912|Info:    [ProfileManager] Found file: Cyan.orp attempting to validate header
146912|Info:    [ProfileManager] Valid v5 profile found for Cyan
190373|Info:    [ProfileManager] Found file: Cyan.orp attempting to validate header
190373|Info:    [ProfileManager] Valid v5 profile found for Cyan
190373|Info:    [ProfileManager] Found file: Red.orp attempting to validate header
190373|Info:    [ProfileManager] Valid v5 profile found for Red
217858|Info:    [ProfileManager] Found file: Cyan.orp attempting to validate header
217858|Info:    [ProfileManager] Valid v5 profile found for Cyan
217858|Info:    [ProfileManager] Found file: Red.orp attempting to validate header
217858|Info:    [ProfileManager] Valid v5 profile found for Red
217858|Info:    [ProfileManager] Found file: Off.orp attempting to validate header
217858|Info:    [ProfileManager] Valid v5 profile found for Off
260232|Info:    [ProfileManager] Found file: Cyan.orp attempting to validate header
260232|Info:    [ProfileManager] Valid v5 profile found for Cyan
260232|Info:    [ProfileManager] Found file: Red.orp attempting to validate header
260232|Info:    [ProfileManager] Valid v5 profile found for Red
260232|Info:    [ProfileManager] Found file: Off.orp attempting to validate header
260232|Info:    [ProfileManager] Valid v5 profile found for Off
260232|Info:    [ProfileManager] Found file: Orange.orp attempting to validate header
260232|Info:    [ProfileManager] Valid v5 profile found for Orange
